<?xml version="1.0" encoding="UTF-8"?>
<!-- Generated by org.testng.reporters.JUnitReportReporter -->
<testsuite hostname="Spiderman" name="com.acxiom.tests.mysel" tests="1" failures="0" timestamp="13 Mar 2016 02:23:20 GMT" time="9.503" errors="0">
  <testcase name="hey" time="9.503" classname="com.acxiom.tests.mysel"/>
</testsuite> <!-- com.acxiom.tests.mysel -->
